# JRE version: OpenJDK Runtime Environment Temurin-21.0.5+11 (21.0.5+11) (build 21.0.5+11-LTS)
# Java VM: OpenJDK 64-Bit Server VM Temurin-21.0.5+11 (21.0.5+11-LTS, mixed mode, sharing, tiered, compressed oops, compressed class ptrs, g1 gc, windows-amd64)
GC Precious Log:
 CardTable entry size: 512
 Card Set container configuration: InlinePtr #cards 5 size 8 Array Of Cards #cards 12 size 40 Howl #buckets 4 coarsen threshold 1843 Howl Bitmap #cards 512 size 80 coarsen threshold 460 Card regions per heap region 1 cards per card region 2048
 CPUs: 8 total, 8 available
 Memory: 7915M
 Large Page Support: Disabled
 NUMA Support: Disabled
 Compressed Oops: Enabled (32-bit)
 Heap Region Size: 1M
 Heap Min Capacity: 256M
 Heap Initial Capacity: 256M
 Heap Max Capacity: 512M
 Pre-touch: Disabled
 Parallel Workers: 8
 Concurrent Workers: 2
 Concurrent Refinement Workers: 8
 Periodic GC: Disabled
Heap:
 garbage-first heap   total 262144K, used 127505K [0x00000000e0000000, 0x0000000100000000)
  region size 1024K, 74 young (75776K), 14 survivors (14336K)
 Metaspace       used 51989K, committed 53568K, reserved 393216K
  class space    used 7343K, committed 8128K, reserved 327680K
GC Heap History (14 events):
Event: 3.071 GC heap before
{Heap before GC invocations=0 (full 0):
 garbage-first heap   total 262144K, used 22528K [0x00000000e0000000, 0x0000000100000000)
  region size 1024K, 23 young (23552K), 0 survivors (0K)
 Metaspace       used 1130K, committed 1280K, reserved 393216K
  class space    used 81K, committed 128K, reserved 327680K
}
Event: 3.105 GC heap after
{Heap after GC invocations=1 (full 0):
 garbage-first heap   total 262144K, used 2559K [0x00000000e0000000, 0x0000000100000000)
  region size 1024K, 3 young (3072K), 3 survivors (3072K)
 Metaspace       used 1130K, committed 1280K, reserved 393216K
  class space    used 81K, committed 128K, reserved 327680K
}
Event: 8.413 GC heap before
{Heap before GC invocations=1 (full 0):
 garbage-first heap   total 262144K, used 38399K [0x00000000e0000000, 0x0000000100000000)
  region size 1024K, 36 young (36864K), 3 survivors (3072K)
 Metaspace       used 4460K, committed 4672K, reserved 393216K
  class space    used 545K, committed 640K, reserved 327680K
}
Event: 8.418 GC heap after
{Heap after GC invocations=2 (full 0):
 garbage-first heap   total 262144K, used 11092K [0x00000000e0000000, 0x0000000100000000)
  region size 1024K, 5 young (5120K), 5 survivors (5120K)
 Metaspace       used 4460K, committed 4672K, reserved 393216K
  class space    used 545K, committed 640K, reserved 327680K
}
Event: 10.578 GC heap before
{Heap before GC invocations=2 (full 0):
 garbage-first heap   total 262144K, used 60244K [0x00000000e0000000, 0x0000000100000000)
  region size 1024K, 51 young (52224K), 5 survivors (5120K)
 Metaspace       used 5272K, committed 5504K, reserved 393216K
  class space    used 685K, committed 768K, reserved 327680K
}
Event: 10.586 GC heap after
{Heap after GC invocations=3 (full 0):
 garbage-first heap   total 262144K, used 16874K [0x00000000e0000000, 0x0000000100000000)
  region size 1024K, 7 young (7168K), 7 survivors (7168K)
 Metaspace       used 5272K, committed 5504K, reserved 393216K
  class space    used 685K, committed 768K, reserved 327680K
}
Event: 22.348 GC heap before
{Heap before GC invocations=3 (full 0):
 garbage-first heap   total 262144K, used 105962K [0x00000000e0000000, 0x0000000100000000)
  region size 1024K, 95 young (97280K), 7 survivors (7168K)
 Metaspace       used 20846K, committed 21504K, reserved 393216K
  class space    used 2971K, committed 3328K, reserved 327680K
}
Event: 22.366 GC heap after
{Heap after GC invocations=4 (full 0):
 garbage-first heap   total 262144K, used 24042K [0x00000000e0000000, 0x0000000100000000)
  region size 1024K, 14 young (14336K), 14 survivors (14336K)
 Metaspace       used 20846K, committed 21504K, reserved 393216K
  class space    used 2971K, committed 3328K, reserved 327680K
}
Event: 32.141 GC heap before
{Heap before GC invocations=5 (full 0):
 garbage-first heap   total 262144K, used 149994K [0x00000000e0000000, 0x0000000100000000)
  region size 1024K, 128 young (131072K), 14 survivors (14336K)
 Metaspace       used 34989K, committed 35968K, reserved 393216K
  class space    used 4882K, committed 5376K, reserved 327680K
}
Event: 32.155 GC heap after
{Heap after GC invocations=6 (full 0):
 garbage-first heap   total 262144K, used 46872K [0x00000000e0000000, 0x0000000100000000)
  region size 1024K, 19 young (19456K), 19 survivors (19456K)
 Metaspace       used 34989K, committed 35968K, reserved 393216K
  class space    used 4882K, committed 5376K, reserved 327680K
}
Event: 41.249 GC heap before
{Heap before GC invocations=7 (full 0):
 garbage-first heap   total 262144K, used 188184K [0x00000000e0000000, 0x0000000100000000)
  region size 1024K, 153 young (156672K), 19 survivors (19456K)
 Metaspace       used 40394K, committed 41536K, reserved 393216K
  class space    used 5626K, committed 6208K, reserved 327680K
}
Event: 41.266 GC heap after
{Heap after GC invocations=8 (full 0):
 garbage-first heap   total 262144K, used 52976K [0x00000000e0000000, 0x0000000100000000)
  region size 1024K, 7 young (7168K), 7 survivors (7168K)
 Metaspace       used 40394K, committed 41536K, reserved 393216K
  class space    used 5626K, committed 6208K, reserved 327680K
}
Event: 54.943 GC heap before
{Heap before GC invocations=8 (full 0):
 garbage-first heap   total 262144K, used 208624K [0x00000000e0000000, 0x0000000100000000)
  region size 1024K, 153 young (156672K), 7 survivors (7168K)
 Metaspace       used 51826K, committed 53376K, reserved 393216K
  class space    used 7341K, committed 8128K, reserved 327680K
}
Event: 54.965 GC heap after
{Heap after GC invocations=9 (full 0):
 garbage-first heap   total 262144K, used 67089K [0x00000000e0000000, 0x0000000100000000)
  region size 1024K, 14 young (14336K), 14 survivors (14336K)
 Metaspace       used 51826K, committed 53376K, reserved 393216K
  class space    used 7341K, committed 8128K, reserved 327680K
}

